  pch.cpp
  dllmain.cpp
C:\Users\Giorgio\Documents\GitHub\Project-Cpp\Vanilla option pricer\dllmain.cpp(6,31): warning C4100: 'lpReserved': parametro formale senza riferimenti
  (compilazione del file di origine '/dllmain.cpp')
  
C:\Users\Giorgio\Documents\GitHub\Project-Cpp\Vanilla option pricer\dllmain.cpp(4,32): warning C4100: 'hModule': parametro formale senza riferimenti
  (compilazione del file di origine '/dllmain.cpp')
  
  matrix.cpp
C:\Users\Giorgio\Documents\GitHub\Project-Cpp\Vanilla option pricer\matrix.cpp(5,17): warning C5267: la definizione implicita di costruttore di copia per 'matrix' è deprecata perché dispone di operatore di assegnazione fornito dall'utente
  (compilazione del file di origine '/matrix.cpp')
      C:\Users\Giorgio\Documents\GitHub\Project-Cpp\Vanilla option pricer\matrix.cpp(59,5):
      costruttore di copia implicito per 'matrix' richiesto per prima cosa qui
  
  matrix_plf.cpp
C:\Users\Giorgio\Documents\GitHub\Project-Cpp\Vanilla option pricer\matrix_plf.h(28,10): warning C4516: 'matrix::matrix::{ctor}': le dichiarazioni di accesso sono deprecate. Le dichiarazioni using di membri rappresentano una più valida alternativa.
  (compilazione del file di origine '/matrix_plf.cpp')
  
C:\Users\Giorgio\Documents\GitHub\Project-Cpp\Vanilla option pricer\matrix.h(57,10): warning C5267: la definizione implicita di costruttore di copia per 'matrix' è deprecata perché dispone di operatore di assegnazione fornito dall'utente
  (compilazione del file di origine '/matrix_plf.cpp')
      C:\Users\Giorgio\Documents\GitHub\Project-Cpp\Vanilla option pricer\matrix_plf.h(85,1):
      costruttore di copia implicito per 'matrix' richiesto per prima cosa qui
      C:\Users\Giorgio\Documents\GitHub\Project-Cpp\Vanilla option pricer\matrix_plf.h(85,1):
      Messaggio diagnostico relativo alla funzione generata dal compilatore 'matrix_plf::matrix_plf(matrix_plf &&)'
      C:\Users\Giorgio\Documents\GitHub\Project-Cpp\Vanilla option pricer\matrix_plf.cpp(46,5):
      vedere il riferimento alla funzione 'matrix_plf::matrix_plf(matrix_plf &&)'
  
  matrix_tridiagonal.cpp
C:\Users\Giorgio\Documents\GitHub\Project-Cpp\Vanilla option pricer\matrix_tridiagonal.h(24,10): warning C4516: 'matrix::matrix::{ctor}': le dichiarazioni di accesso sono deprecate. Le dichiarazioni using di membri rappresentano una più valida alternativa.
  (compilazione del file di origine '/matrix_tridiagonal.cpp')
  
C:\Users\Giorgio\Documents\GitHub\Project-Cpp\Vanilla option pricer\matrix.h(57,10): warning C5267: la definizione implicita di costruttore di copia per 'matrix' è deprecata perché dispone di operatore di assegnazione fornito dall'utente
  (compilazione del file di origine '/matrix_tridiagonal.cpp')
      C:\Users\Giorgio\Documents\GitHub\Project-Cpp\Vanilla option pricer\matrix_tridiagonal.cpp(42,5):
      costruttore di copia implicito per 'matrix' richiesto per prima cosa qui
  
  mesh_matrix.cpp
C:\Users\Giorgio\Documents\GitHub\Project-Cpp\Vanilla option pricer\matrix_plf.h(28,10): warning C4516: 'matrix::matrix::{ctor}': le dichiarazioni di accesso sono deprecate. Le dichiarazioni using di membri rappresentano una più valida alternativa.
  (compilazione del file di origine '/mesh_matrix.cpp')
  
C:\Users\Giorgio\Documents\GitHub\Project-Cpp\Vanilla option pricer\matrix_tridiagonal.h(24,10): warning C4516: 'matrix::matrix::{ctor}': le dichiarazioni di accesso sono deprecate. Le dichiarazioni using di membri rappresentano una più valida alternativa.
  (compilazione del file di origine '/mesh_matrix.cpp')
  
C:\Users\Giorgio\Documents\GitHub\Project-Cpp\Vanilla option pricer\mesh_matrix.h(26,13): warning C4516: 'matrix::matrix::{ctor}': le dichiarazioni di accesso sono deprecate. Le dichiarazioni using di membri rappresentano una più valida alternativa.
  (compilazione del file di origine '/mesh_matrix.cpp')
  
C:\Users\Giorgio\Documents\GitHub\Project-Cpp\Vanilla option pricer\matrix.h(57,10): warning C5267: la definizione implicita di costruttore di copia per 'matrix' è deprecata perché dispone di operatore di assegnazione fornito dall'utente
  (compilazione del file di origine '/mesh_matrix.cpp')
      C:\Users\Giorgio\Documents\GitHub\Project-Cpp\Vanilla option pricer\mesh_matrix.cpp(77,51):
      costruttore di copia implicito per 'matrix' richiesto per prima cosa qui
  
  pricer.cpp
C:\Users\Giorgio\Documents\GitHub\Project-Cpp\Vanilla option pricer\matrix_plf.h(28,10): warning C4516: 'matrix::matrix::{ctor}': le dichiarazioni di accesso sono deprecate. Le dichiarazioni using di membri rappresentano una più valida alternativa.
  (compilazione del file di origine '/pricer.cpp')
  
C:\Users\Giorgio\Documents\GitHub\Project-Cpp\Vanilla option pricer\matrix_tridiagonal.h(24,10): warning C4516: 'matrix::matrix::{ctor}': le dichiarazioni di accesso sono deprecate. Le dichiarazioni using di membri rappresentano una più valida alternativa.
  (compilazione del file di origine '/pricer.cpp')
  
C:\Users\Giorgio\Documents\GitHub\Project-Cpp\Vanilla option pricer\mesh_matrix.h(26,13): warning C4516: 'matrix::matrix::{ctor}': le dichiarazioni di accesso sono deprecate. Le dichiarazioni using di membri rappresentano una più valida alternativa.
  (compilazione del file di origine '/pricer.cpp')
  
C:\Users\Giorgio\Documents\GitHub\Project-Cpp\Vanilla option pricer\pricer.cpp(7,16): warning C4273: 'computePriceAndPartialDerivates': collegamento dll non coerente
  (compilazione del file di origine '/pricer.cpp')
      C:\Users\Giorgio\Documents\GitHub\Project-Cpp\Vanilla option pricer\pricer.h(79,45):
      vedi la precedente definizione di 'computePriceAndPartialDerivates'
  
C:\Users\Giorgio\Documents\GitHub\Project-Cpp\Vanilla option pricer\matrix.h(57,10): warning C5267: la definizione implicita di costruttore di copia per 'matrix' è deprecata perché dispone di operatore di assegnazione fornito dall'utente
  (compilazione del file di origine '/pricer.cpp')
      C:\Users\Giorgio\Documents\GitHub\Project-Cpp\Vanilla option pricer\matrix_plf.h(85,1):
      costruttore di copia implicito per 'matrix' richiesto per prima cosa qui
      C:\Users\Giorgio\Documents\GitHub\Project-Cpp\Vanilla option pricer\matrix_plf.h(85,1):
      Messaggio diagnostico relativo alla funzione generata dal compilatore 'matrix_plf::matrix_plf(matrix_plf &&)'
      C:\Users\Giorgio\Documents\GitHub\Project-Cpp\Vanilla option pricer\pricer.cpp(29,28):
      vedere il riferimento alla funzione 'matrix_plf::matrix_plf(matrix_plf &&)'
  
  Test.cpp
C:\Users\Giorgio\Documents\GitHub\Project-Cpp\Vanilla option pricer\matrix_plf.h(28,10): warning C4516: 'matrix::matrix::{ctor}': le dichiarazioni di accesso sono deprecate. Le dichiarazioni using di membri rappresentano una più valida alternativa.
  (compilazione del file di origine '/Test.cpp')
  
C:\Users\Giorgio\Documents\GitHub\Project-Cpp\Vanilla option pricer\matrix_tridiagonal.h(24,10): warning C4516: 'matrix::matrix::{ctor}': le dichiarazioni di accesso sono deprecate. Le dichiarazioni using di membri rappresentano una più valida alternativa.
  (compilazione del file di origine '/Test.cpp')
  
C:\Users\Giorgio\Documents\GitHub\Project-Cpp\Vanilla option pricer\mesh_matrix.h(26,13): warning C4516: 'matrix::matrix::{ctor}': le dichiarazioni di accesso sono deprecate. Le dichiarazioni using di membri rappresentano una più valida alternativa.
  (compilazione del file di origine '/Test.cpp')
  
C:\Users\Giorgio\Documents\GitHub\Project-Cpp\Vanilla option pricer\Matrix.h(57,10): warning C5267: la definizione implicita di costruttore di copia per 'matrix' è deprecata perché dispone di operatore di assegnazione fornito dall'utente
  (compilazione del file di origine '/Test.cpp')
      C:\Users\Giorgio\Documents\GitHub\Project-Cpp\Vanilla option pricer\matrix_plf.h(85,1):
      costruttore di copia implicito per 'matrix' richiesto per prima cosa qui
      C:\Users\Giorgio\Documents\GitHub\Project-Cpp\Vanilla option pricer\matrix_plf.h(85,1):
      Messaggio diagnostico relativo alla funzione generata dal compilatore 'matrix_plf::matrix_plf(matrix_plf &&)'
      C:\Users\Giorgio\Documents\GitHub\Project-Cpp\Vanilla option pricer\Test.cpp(42,28):
      vedere il riferimento alla funzione 'matrix_plf::matrix_plf(matrix_plf &&)'
  
  Generazione del codice in corso...
C:\Users\Giorgio\Documents\GitHub\Project-Cpp\Vanilla option pricer\Test.cpp(188): warning C5045: Se è stata specificata l'opzione /Qspectre, il compilatore inserirà la mitigazione Spectre per il carico della memoria
  C:\Users\Giorgio\Documents\GitHub\Project-Cpp\Vanilla option pricer\Test.cpp(188) : nota: intervallo dell'indice 'i' verificato per confronto su questa riga
  C:\Users\Giorgio\Documents\GitHub\Project-Cpp\Vanilla option pricer\Test.cpp(188) : nota: attiva la chiamata su questa riga
C:\Users\Giorgio\Documents\GitHub\Project-Cpp\Vanilla option pricer\matrix_plf.h(54): warning C5045: Se è stata specificata l'opzione /Qspectre, il compilatore inserirà la mitigazione Spectre per il carico della memoria
  C:\Users\Giorgio\Documents\GitHub\Project-Cpp\Vanilla option pricer\matrix_plf.h(52) : nota: intervallo dell'indice 'j' verificato per confronto su questa riga
  C:\Users\Giorgio\Documents\GitHub\Project-Cpp\Vanilla option pricer\matrix_plf.h(54) : nota: attiva la chiamata su questa riga
C:\Users\Giorgio\Documents\GitHub\Project-Cpp\Vanilla option pricer\pricer.cpp(41): warning C5045: Se è stata specificata l'opzione /Qspectre, il compilatore inserirà la mitigazione Spectre per il carico della memoria
  C:\Users\Giorgio\Documents\GitHub\Project-Cpp\Vanilla option pricer\pricer.cpp(38) : nota: intervallo dell'indice 'j' verificato per confronto su questa riga
  C:\Users\Giorgio\Documents\GitHub\Project-Cpp\Vanilla option pricer\pricer.cpp(41) : nota: attiva la chiamata su questa riga
C:\Users\Giorgio\Documents\GitHub\Project-Cpp\Vanilla option pricer\matrix_plf.h(54): warning C5045: Se è stata specificata l'opzione /Qspectre, il compilatore inserirà la mitigazione Spectre per il carico della memoria
  C:\Users\Giorgio\Documents\GitHub\Project-Cpp\Vanilla option pricer\matrix_plf.h(52) : nota: intervallo dell'indice 'j' verificato per confronto su questa riga
  C:\Users\Giorgio\Documents\GitHub\Project-Cpp\Vanilla option pricer\matrix_plf.h(54) : nota: attiva la chiamata su questa riga
C:\Users\Giorgio\Documents\GitHub\Project-Cpp\Vanilla option pricer\mesh_matrix.cpp(86): warning C5045: Se è stata specificata l'opzione /Qspectre, il compilatore inserirà la mitigazione Spectre per il carico della memoria
  C:\Users\Giorgio\Documents\GitHub\Project-Cpp\Vanilla option pricer\mesh_matrix.cpp(86) : nota: intervallo dell'indice '' verificato per confronto su questa riga
  C:\Users\Giorgio\Documents\GitHub\Project-Cpp\Vanilla option pricer\mesh_matrix.cpp(86) : nota: attiva la chiamata su questa riga
C:\Users\Giorgio\Documents\GitHub\Project-Cpp\Vanilla option pricer\mesh_matrix.cpp(81): warning C5045: Se è stata specificata l'opzione /Qspectre, il compilatore inserirà la mitigazione Spectre per il carico della memoria
  C:\Users\Giorgio\Documents\GitHub\Project-Cpp\Vanilla option pricer\mesh_matrix.cpp(80) : nota: intervallo dell'indice 'dim' verificato per confronto su questa riga
  C:\Users\Giorgio\Documents\GitHub\Project-Cpp\Vanilla option pricer\mesh_matrix.cpp(81) : nota: attiva la chiamata su questa riga
C:\Users\Giorgio\Documents\GitHub\Project-Cpp\Vanilla option pricer\mesh_matrix.cpp(74): warning C5045: Se è stata specificata l'opzione /Qspectre, il compilatore inserirà la mitigazione Spectre per il carico della memoria
  C:\Users\Giorgio\Documents\GitHub\Project-Cpp\Vanilla option pricer\mesh_matrix.cpp(64) : nota: intervallo dell'indice 'k' verificato per confronto su questa riga
  C:\Users\Giorgio\Documents\GitHub\Project-Cpp\Vanilla option pricer\mesh_matrix.cpp(74) : nota: attiva la chiamata su questa riga
C:\Users\Giorgio\Documents\GitHub\Project-Cpp\Vanilla option pricer\mesh_matrix.cpp(50): warning C5045: Se è stata specificata l'opzione /Qspectre, il compilatore inserirà la mitigazione Spectre per il carico della memoria
  C:\Users\Giorgio\Documents\GitHub\Project-Cpp\Vanilla option pricer\mesh_matrix.cpp(49) : nota: intervallo dell'indice 'k' verificato per confronto su questa riga
  C:\Users\Giorgio\Documents\GitHub\Project-Cpp\Vanilla option pricer\mesh_matrix.cpp(50) : nota: attiva la chiamata su questa riga
C:\Users\Giorgio\Documents\GitHub\Project-Cpp\Vanilla option pricer\mesh_matrix.cpp(43): warning C5045: Se è stata specificata l'opzione /Qspectre, il compilatore inserirà la mitigazione Spectre per il carico della memoria
  C:\Users\Giorgio\Documents\GitHub\Project-Cpp\Vanilla option pricer\mesh_matrix.cpp(41) : nota: intervallo dell'indice 'dim' verificato per confronto su questa riga
  C:\Users\Giorgio\Documents\GitHub\Project-Cpp\Vanilla option pricer\mesh_matrix.cpp(43) : nota: attiva la chiamata su questa riga
C:\Users\Giorgio\Documents\GitHub\Project-Cpp\Vanilla option pricer\mesh_matrix.cpp(38): warning C5045: Se è stata specificata l'opzione /Qspectre, il compilatore inserirà la mitigazione Spectre per il carico della memoria
  C:\Users\Giorgio\Documents\GitHub\Project-Cpp\Vanilla option pricer\mesh_matrix.cpp(37) : nota: intervallo dell'indice 'nl' verificato per confronto su questa riga
  C:\Users\Giorgio\Documents\GitHub\Project-Cpp\Vanilla option pricer\mesh_matrix.cpp(38) : nota: attiva la chiamata su questa riga
C:\Users\Giorgio\Documents\GitHub\Project-Cpp\Vanilla option pricer\mesh_matrix.cpp(30): warning C5045: Se è stata specificata l'opzione /Qspectre, il compilatore inserirà la mitigazione Spectre per il carico della memoria
  C:\Users\Giorgio\Documents\GitHub\Project-Cpp\Vanilla option pricer\mesh_matrix.cpp(28) : nota: intervallo dell'indice 'dim' verificato per confronto su questa riga
  C:\Users\Giorgio\Documents\GitHub\Project-Cpp\Vanilla option pricer\mesh_matrix.cpp(30) : nota: attiva la chiamata su questa riga
C:\Users\Giorgio\Documents\GitHub\Project-Cpp\Vanilla option pricer\mesh_matrix.cpp(25): warning C5045: Se è stata specificata l'opzione /Qspectre, il compilatore inserirà la mitigazione Spectre per il carico della memoria
  C:\Users\Giorgio\Documents\GitHub\Project-Cpp\Vanilla option pricer\mesh_matrix.cpp(24) : nota: intervallo dell'indice 'nl' verificato per confronto su questa riga
  C:\Users\Giorgio\Documents\GitHub\Project-Cpp\Vanilla option pricer\mesh_matrix.cpp(25) : nota: attiva la chiamata su questa riga
C:\Users\Giorgio\Documents\GitHub\Project-Cpp\Vanilla option pricer\matrix_tridiagonal.cpp(77): warning C5045: Se è stata specificata l'opzione /Qspectre, il compilatore inserirà la mitigazione Spectre per il carico della memoria
  C:\Users\Giorgio\Documents\GitHub\Project-Cpp\Vanilla option pricer\matrix_tridiagonal.cpp(56) : nota: intervallo dell'indice 'i' verificato per confronto su questa riga
  C:\Users\Giorgio\Documents\GitHub\Project-Cpp\Vanilla option pricer\matrix_tridiagonal.cpp(77) : nota: attiva la chiamata su questa riga
C:\Users\Giorgio\Documents\GitHub\Project-Cpp\Vanilla option pricer\matrix_tridiagonal.cpp(76): warning C5045: Se è stata specificata l'opzione /Qspectre, il compilatore inserirà la mitigazione Spectre per il carico della memoria
  C:\Users\Giorgio\Documents\GitHub\Project-Cpp\Vanilla option pricer\matrix_tridiagonal.cpp(76) : nota: intervallo dell'indice '' verificato per confronto su questa riga
  C:\Users\Giorgio\Documents\GitHub\Project-Cpp\Vanilla option pricer\matrix_tridiagonal.cpp(76) : nota: attiva la chiamata su questa riga
C:\Users\Giorgio\Documents\GitHub\Project-Cpp\Vanilla option pricer\matrix_tridiagonal.cpp(71): warning C5045: Se è stata specificata l'opzione /Qspectre, il compilatore inserirà la mitigazione Spectre per il carico della memoria
  C:\Users\Giorgio\Documents\GitHub\Project-Cpp\Vanilla option pricer\matrix_tridiagonal.cpp(69) : nota: intervallo dell'indice 'i' verificato per confronto su questa riga
  C:\Users\Giorgio\Documents\GitHub\Project-Cpp\Vanilla option pricer\matrix_tridiagonal.cpp(71) : nota: attiva la chiamata su questa riga
C:\Users\Giorgio\Documents\GitHub\Project-Cpp\Vanilla option pricer\matrix_tridiagonal.cpp(65): warning C5045: Se è stata specificata l'opzione /Qspectre, il compilatore inserirà la mitigazione Spectre per il carico della memoria
  C:\Users\Giorgio\Documents\GitHub\Project-Cpp\Vanilla option pricer\matrix_tridiagonal.cpp(63) : nota: intervallo dell'indice 'i' verificato per confronto su questa riga
  C:\Users\Giorgio\Documents\GitHub\Project-Cpp\Vanilla option pricer\matrix_tridiagonal.cpp(65) : nota: attiva la chiamata su questa riga
C:\Users\Giorgio\Documents\GitHub\Project-Cpp\Vanilla option pricer\matrix_tridiagonal.cpp(37): warning C5045: Se è stata specificata l'opzione /Qspectre, il compilatore inserirà la mitigazione Spectre per il carico della memoria
  C:\Users\Giorgio\Documents\GitHub\Project-Cpp\Vanilla option pricer\matrix_tridiagonal.cpp(36) : nota: intervallo dell'indice 'i' verificato per confronto su questa riga
  C:\Users\Giorgio\Documents\GitHub\Project-Cpp\Vanilla option pricer\matrix_tridiagonal.cpp(37) : nota: attiva la chiamata su questa riga
C:\Users\Giorgio\Documents\GitHub\Project-Cpp\Vanilla option pricer\matrix_tridiagonal.cpp(32): warning C5045: Se è stata specificata l'opzione /Qspectre, il compilatore inserirà la mitigazione Spectre per il carico della memoria
  C:\Users\Giorgio\Documents\GitHub\Project-Cpp\Vanilla option pricer\matrix_tridiagonal.cpp(27) : nota: intervallo dell'indice 'i' verificato per confronto su questa riga
  C:\Users\Giorgio\Documents\GitHub\Project-Cpp\Vanilla option pricer\matrix_tridiagonal.cpp(32) : nota: attiva la chiamata su questa riga
C:\Users\Giorgio\Documents\GitHub\Project-Cpp\Vanilla option pricer\matrix_tridiagonal.cpp(23): warning C5045: Se è stata specificata l'opzione /Qspectre, il compilatore inserirà la mitigazione Spectre per il carico della memoria
  C:\Users\Giorgio\Documents\GitHub\Project-Cpp\Vanilla option pricer\matrix_tridiagonal.cpp(18) : nota: intervallo dell'indice 'i' verificato per confronto su questa riga
  C:\Users\Giorgio\Documents\GitHub\Project-Cpp\Vanilla option pricer\matrix_tridiagonal.cpp(23) : nota: attiva la chiamata su questa riga
C:\Users\Giorgio\Documents\GitHub\Project-Cpp\Vanilla option pricer\matrix_tridiagonal.cpp(14): warning C5045: Se è stata specificata l'opzione /Qspectre, il compilatore inserirà la mitigazione Spectre per il carico della memoria
  C:\Users\Giorgio\Documents\GitHub\Project-Cpp\Vanilla option pricer\matrix_tridiagonal.cpp(13) : nota: intervallo dell'indice 'i' verificato per confronto su questa riga
  C:\Users\Giorgio\Documents\GitHub\Project-Cpp\Vanilla option pricer\matrix_tridiagonal.cpp(14) : nota: attiva la chiamata su questa riga
C:\Users\Giorgio\Documents\GitHub\Project-Cpp\Vanilla option pricer\matrix_plf.cpp(60): warning C5045: Se è stata specificata l'opzione /Qspectre, il compilatore inserirà la mitigazione Spectre per il carico della memoria
  C:\Users\Giorgio\Documents\GitHub\Project-Cpp\Vanilla option pricer\matrix_plf.cpp(59) : nota: intervallo dell'indice '' verificato per confronto su questa riga
  C:\Users\Giorgio\Documents\GitHub\Project-Cpp\Vanilla option pricer\matrix_plf.cpp(60) : nota: attiva la chiamata su questa riga
C:\Users\Giorgio\Documents\GitHub\Project-Cpp\Vanilla option pricer\matrix_plf.cpp(40): warning C5045: Se è stata specificata l'opzione /Qspectre, il compilatore inserirà la mitigazione Spectre per il carico della memoria
  C:\Users\Giorgio\Documents\GitHub\Project-Cpp\Vanilla option pricer\matrix_plf.cpp(38) : nota: intervallo dell'indice 'j' verificato per confronto su questa riga
  C:\Users\Giorgio\Documents\GitHub\Project-Cpp\Vanilla option pricer\matrix_plf.cpp(40) : nota: attiva la chiamata su questa riga
C:\Users\Giorgio\Documents\GitHub\Project-Cpp\Vanilla option pricer\matrix_plf.cpp(59): warning C5045: Se è stata specificata l'opzione /Qspectre, il compilatore inserirà la mitigazione Spectre per il carico della memoria
  C:\Users\Giorgio\Documents\GitHub\Project-Cpp\Vanilla option pricer\matrix_plf.cpp(59) : nota: intervallo dell'indice '' verificato per confronto su questa riga
  C:\Users\Giorgio\Documents\GitHub\Project-Cpp\Vanilla option pricer\matrix_plf.cpp(59) : nota: attiva la chiamata su questa riga
C:\Users\Giorgio\Documents\GitHub\Project-Cpp\Vanilla option pricer\matrix_plf.cpp(22): warning C5045: Se è stata specificata l'opzione /Qspectre, il compilatore inserirà la mitigazione Spectre per il carico della memoria
  C:\Users\Giorgio\Documents\GitHub\Project-Cpp\Vanilla option pricer\matrix_plf.cpp(15) : nota: intervallo dell'indice 'j' verificato per confronto su questa riga
  C:\Users\Giorgio\Documents\GitHub\Project-Cpp\Vanilla option pricer\matrix_plf.cpp(22) : nota: attiva la chiamata su questa riga
C:\Users\Giorgio\Documents\GitHub\Project-Cpp\Vanilla option pricer\matrix_plf.cpp(53): warning C5045: Se è stata specificata l'opzione /Qspectre, il compilatore inserirà la mitigazione Spectre per il carico della memoria
  C:\Users\Giorgio\Documents\GitHub\Project-Cpp\Vanilla option pricer\matrix_plf.cpp(53) : nota: intervallo dell'indice '' verificato per confronto su questa riga
  C:\Users\Giorgio\Documents\GitHub\Project-Cpp\Vanilla option pricer\matrix_plf.cpp(53) : nota: attiva la chiamata su questa riga
C:\Users\Giorgio\Documents\GitHub\Project-Cpp\Vanilla option pricer\matrix_plf.cpp(17): warning C5045: Se è stata specificata l'opzione /Qspectre, il compilatore inserirà la mitigazione Spectre per il carico della memoria
  C:\Users\Giorgio\Documents\GitHub\Project-Cpp\Vanilla option pricer\matrix_plf.cpp(15) : nota: intervallo dell'indice 'columns' verificato per confronto su questa riga
  C:\Users\Giorgio\Documents\GitHub\Project-Cpp\Vanilla option pricer\matrix_plf.cpp(17) : nota: attiva la chiamata su questa riga
C:\Users\Giorgio\Documents\GitHub\Project-Cpp\Vanilla option pricer\matrix_plf.cpp(11): warning C5045: Se è stata specificata l'opzione /Qspectre, il compilatore inserirà la mitigazione Spectre per il carico della memoria
  C:\Users\Giorgio\Documents\GitHub\Project-Cpp\Vanilla option pricer\matrix_plf.cpp(11) : nota: intervallo dell'indice '' verificato per confronto su questa riga
  C:\Users\Giorgio\Documents\GitHub\Project-Cpp\Vanilla option pricer\matrix_plf.cpp(11) : nota: attiva la chiamata su questa riga
C:\Users\Giorgio\Documents\GitHub\Project-Cpp\Vanilla option pricer\matrix_plf.cpp(10): warning C5045: Se è stata specificata l'opzione /Qspectre, il compilatore inserirà la mitigazione Spectre per il carico della memoria
  C:\Users\Giorgio\Documents\GitHub\Project-Cpp\Vanilla option pricer\matrix_plf.cpp(10) : nota: intervallo dell'indice '' verificato per confronto su questa riga
  C:\Users\Giorgio\Documents\GitHub\Project-Cpp\Vanilla option pricer\matrix_plf.cpp(10) : nota: attiva la chiamata su questa riga
C:\Users\Giorgio\Documents\GitHub\Project-Cpp\Vanilla option pricer\matrix_plf.h(54): warning C5045: Se è stata specificata l'opzione /Qspectre, il compilatore inserirà la mitigazione Spectre per il carico della memoria
  C:\Users\Giorgio\Documents\GitHub\Project-Cpp\Vanilla option pricer\matrix_plf.h(52) : nota: intervallo dell'indice 'j' verificato per confronto su questa riga
  C:\Users\Giorgio\Documents\GitHub\Project-Cpp\Vanilla option pricer\matrix_plf.h(54) : nota: attiva la chiamata su questa riga
C:\Users\Giorgio\Documents\GitHub\Project-Cpp\Vanilla option pricer\matrix.cpp(30): warning C5045: Se è stata specificata l'opzione /Qspectre, il compilatore inserirà la mitigazione Spectre per il carico della memoria
  C:\Users\Giorgio\Documents\GitHub\Project-Cpp\Vanilla option pricer\matrix.cpp(30) : nota: intervallo dell'indice 'j' verificato per confronto su questa riga
  C:\Users\Giorgio\Documents\GitHub\Project-Cpp\Vanilla option pricer\matrix.cpp(30) : nota: attiva la chiamata su questa riga
C:\Users\Giorgio\Documents\GitHub\Project-Cpp\Vanilla option pricer\matrix.cpp(37): warning C5045: Se è stata specificata l'opzione /Qspectre, il compilatore inserirà la mitigazione Spectre per il carico della memoria
  C:\Users\Giorgio\Documents\GitHub\Project-Cpp\Vanilla option pricer\matrix.cpp(37) : nota: intervallo dell'indice 'i' verificato per confronto su questa riga
  C:\Users\Giorgio\Documents\GitHub\Project-Cpp\Vanilla option pricer\matrix.cpp(37) : nota: attiva la chiamata su questa riga
C:\Users\Giorgio\Documents\GitHub\Project-Cpp\Vanilla option pricer\matrix.cpp(46): warning C5045: Se è stata specificata l'opzione /Qspectre, il compilatore inserirà la mitigazione Spectre per il carico della memoria
  C:\Users\Giorgio\Documents\GitHub\Project-Cpp\Vanilla option pricer\matrix.cpp(45) : nota: intervallo dell'indice 'j' verificato per confronto su questa riga
  C:\Users\Giorgio\Documents\GitHub\Project-Cpp\Vanilla option pricer\matrix.cpp(46) : nota: attiva la chiamata su questa riga
C:\Users\Giorgio\Documents\GitHub\Project-Cpp\Vanilla option pricer\matrix.cpp(90): warning C5045: Se è stata specificata l'opzione /Qspectre, il compilatore inserirà la mitigazione Spectre per il carico della memoria
  C:\Users\Giorgio\Documents\GitHub\Project-Cpp\Vanilla option pricer\matrix.cpp(89) : nota: intervallo dell'indice 'k' verificato per confronto su questa riga
  C:\Users\Giorgio\Documents\GitHub\Project-Cpp\Vanilla option pricer\matrix.cpp(90) : nota: attiva la chiamata su questa riga
     Creazione della libreria C:\Users\Giorgio\Documents\GitHub\Project-Cpp\Vanilla option pricer\x64\Debug\Vanilla option pricer.lib e dell'oggetto C:\Users\Giorgio\Documents\GitHub\Project-Cpp\Vanilla option pricer\x64\Debug\Vanilla option pricer.exp
  Vanilla option pricer.vcxproj -> C:\Users\Giorgio\Documents\GitHub\Project-Cpp\Vanilla option pricer\x64\Debug\Vanilla option pricer.dll
